ContentMain.js:18 [ContentMain]
ContentMain.js:18 [ContentService] document.readyState: loading
ContentMain.js:5 [ContentService.SetContentInitData] target: { TabId: 248302696, FrameId: 0}
script.js:9 外部JavaScriptファイルを
index.html:13 HTMLで読み込んでいます。
if(true){}
undefined
if(true){}
undefined
if(true){console.log('この行が実行されます。');}
VM910:1 この行が実行されます。
undefined
const x = 41;
if(x > 30){
console.log('xは30より大きな値です。');
}
VM1027:3 xは30より大きな値です。
undefined
const num = 3;
if (num > 5){
    console.log(`numは5より大きい値です:${num}`);
} else {}
undefined
ContentMain.js:18 [ContentMain]
ContentMain.js:18 [ContentService] document.readyState: loading
ContentMain.js:5 [ContentService.SetContentInitData] target: { TabId: 248302696, FrameId: 0}
script.js:9 外部JavaScriptファイルを
index.html:13 HTMLで読み込んでいます。
if(true){}
undefined
if(true){}
undefined
if(true){console.log('この行が実行されます。');}
VM910:1 この行が実行されます。
undefined
const x = 41;
if(x > 30){
console.log('xは30より大きな値です。');
}
VM1027:3 xは30より大きな値です。
undefined
const num = 3;
if (num > 5){
    console.log(`numは5より大きい値です:${num}`);
} else {}
undefined

VM1165:1 Uncaught SyntaxError: Unexpected token ':'
ContentMain.js:18 [ContentMain]
ContentMain.js:18 [ContentService] document.readyState: loading
ContentMain.js:5 [ContentService.SetContentInitData] target: { TabId: 248302696, FrameId: 0}
script.js:9 外部JavaScriptファイルを
index.html:13 HTMLで読み込んでいます。
if(true){}
undefined
if(true){}
undefined
if(true){console.log('この行が実行されます。');}
VM910:1 この行が実行されます。
undefined
const x = 41;
if(x > 30){
console.log('xは30より大きな値です。');
}
VM1027:3 xは30より大きな値です。
undefined
const num = 3;
if (num > 5){
    console.log(`numは5より大きい値です:${num}`);
} else {}
undefined
ContentMain.js:18 [ContentMain]
ContentMain.js:18 [ContentService] document.readyState: loading
ContentMain.js:5 [ContentService.SetContentInitData] target: { TabId: 248302696, FrameId: 0}
script.js:9 外部JavaScriptファイルを
index.html:13 HTMLで読み込んでいます。
if(true){}
undefined
if(true){}
undefined
if(true){console.log('この行が実行されます。');}
VM910:1 この行が実行されます。
undefined
const x = 41;
if(x > 30){
console.log('xは30より大きな値です。');
}
VM1027:3 xは30より大きな値です。
undefined
const num = 3;
if (num > 5){
    console.log(`numは5より大きい値です:${num}`);
} else {}
undefined

VM1165:1 Uncaught SyntaxError: Unexpected token ':'

VM1169:1 Uncaught SyntaxError: Unexpected token ':'
const num = 3;
if (num > 5) {
    console.log(`numは5より大きい値です:${num}`);
} else {
    console.log(`numは5より小さい値です:${num}`);
}
VM1310:5 numは5より小さい値です:3
undefined
if (num > 5) {
    console.log("numは5より大きい値です:${num}");
} else {
    console.log(`numは5より小さい値です:${num}`);
}
VM1314:4 numは5より小さい値です:3
undefined
const num = 3;
if (num > 5) {
    console.log("numは5より大きい値です:${num}");
} else {
    console.log("numは5より小さい値です:${num}");
}
VM1318:5 numは5より小さい値です:${num}
undefined
const num = 3;
if (num > 5) {
    console.log("numは5より大きい値です:${num}");
} else {
    console.log("numは5より小さい値です:${num}");
}
VM1322:5 numは5より小さい値です:${num}
undefined
const num = 3;
if (num > 5) {
    console.log(`numは5より大きい値です:${num}`);
} else {
    console.log(`numは5より小さい値です:${num}`);
}
VM1326:5 numは5より小さい値です:3
undefined
const num = 2;
switch(){}
VM1404:2 Uncaught SyntaxError: Unexpected token ')'
const num = 2;
switch(num){

}
undefined
const num = 2;
switch(num){
    case 1:
        console.log("one");
        break;
    case 2:
        console.log("two");
        break;
    case 3:
        console.log("three");
        break;
    default:
            console.log("1～3までの値ではありません。");
        break;
}
VM1587:7 two
undefined
